<?xml version="1.0" encoding="UTF-8"?>
<testsuite xmlns:xsi="http://www.w3.org/2001/XMLSchema-instance" xsi:noNamespaceSchemaLocation="https://maven.apache.org/surefire/maven-surefire-plugin/xsd/surefire-test-report-3.0.xsd" version="3.0" name="PostcodeTest" time="2.948" tests="5" errors="0" skipped="0" failures="0">
  <properties>
[...]
</properties>
  <testcase name="testSpecialCharacters(String, int, String, String)[1]" classname="PostcodeTest" time="1.128"/>
  <testcase name="testSpecialCharacters(String, int, String, String)[2]" classname="PostcodeTest" time="0.562"/>
  <testcase name="testSpecialCharacters(String, int, String, String)[3]" classname="PostcodeTest" time="0.168"/>
  <testcase name="testConnection" classname="PostcodeTest" time="0.811"/>
  <testcase name="testConsole" classname="PostcodeTest" time="0.233"/>
</testsuite>